[ 2018-04-03T11:23:23+08:00 ] 127.0.0.1 /index.php/Admin/Index/order_list.html
INFO: [ app_begin ] --START--
INFO: Run Behavior\ReadHtmlCache [ RunTime:0.003000s ]
INFO: [ app_begin ] --END-- [ RunTime:0.005000s ]
SQL: SHOW COLUMNS FROM `shop` [ RunTime:0.020002s ]
ERR: 1146:Table 'shop.shop' doesn't exist
 [ SQL语句 ] : SHOW COLUMNS FROM `shop`
SQL: SHOW COLUMNS FROM `order` [ RunTime:0.025003s ]
SQL: SELECT * FROM `order` LIMIT 0,1   [ RunTime:0.001500s ]
SQL: SELECT COUNT(*) AS tp_count FROM `order` LIMIT 1   [ RunTime:0.001500s ]
INFO: [ view_parse ] --START--
INFO: [ template_filter ] --START--
INFO: Run Behavior\ContentReplace [ RunTime:0.000000s ]
INFO: [ template_filter ] --END-- [ RunTime:0.000500s ]
INFO: Run Behavior\ParseTemplate [ RunTime:0.037005s ]
INFO: [ view_parse ] --END-- [ RunTime:0.037505s ]
INFO: [ view_filter ] --START--
INFO: Run Behavior\WriteHtmlCache [ RunTime:0.002000s ]
INFO: [ view_filter ] --END-- [ RunTime:0.002500s ]
INFO: [ app_end ] --START--
INFO: Run Behavior\ShowPageTrace [ RunTime:0.004500s ]
INFO: [ app_end ] --END-- [ RunTime:0.005000s ]

[ 2018-04-03T11:23:26+08:00 ] 127.0.0.1 /index.php/Admin/Index/order_list/p/2.html
INFO: [ app_begin ] --START--
INFO: Run Behavior\ReadHtmlCache [ RunTime:0.003000s ]
INFO: [ app_begin ] --END-- [ RunTime:0.004501s ]
SQL: SHOW COLUMNS FROM `shop` [ RunTime:0.017502s ]
ERR: 1146:Table 'shop.shop' doesn't exist
 [ SQL语句 ] : SHOW COLUMNS FROM `shop`
SQL: SHOW COLUMNS FROM `order` [ RunTime:0.021003s ]
SQL: SELECT * FROM `order` LIMIT 1,1   [ RunTime:0.001000s ]
SQL: SELECT COUNT(*) AS tp_count FROM `order` LIMIT 1   [ RunTime:0.000500s ]
INFO: [ view_parse ] --START--
INFO: [ template_filter ] --START--
INFO: Run Behavior\ContentReplace [ RunTime:0.000500s ]
INFO: [ template_filter ] --END-- [ RunTime:0.000500s ]
INFO: Run Behavior\ParseTemplate [ RunTime:0.034004s ]
INFO: [ view_parse ] --END-- [ RunTime:0.035004s ]
INFO: [ view_filter ] --START--
INFO: Run Behavior\WriteHtmlCache [ RunTime:0.002500s ]
INFO: [ view_filter ] --END-- [ RunTime:0.002500s ]
INFO: [ app_end ] --START--
INFO: Run Behavior\ShowPageTrace [ RunTime:0.003500s ]
INFO: [ app_end ] --END-- [ RunTime:0.003500s ]

[ 2018-04-03T11:23:32+08:00 ] 127.0.0.1 /index.php/Admin/Index/order_detail/id/2.html
INFO: [ app_begin ] --START--
INFO: Run Behavior\ReadHtmlCache [ RunTime:0.004501s ]
INFO: [ app_begin ] --END-- [ RunTime:0.006001s ]
SQL: SHOW COLUMNS FROM `shop` [ RunTime:0.020002s ]
ERR: 1146:Table 'shop.shop' doesn't exist
 [ SQL语句 ] : SHOW COLUMNS FROM `shop`
SQL: select * from `order` a left join order_detail b on (a.id=b.sid) inner join goods c on (a.link_goods_id=c.goods_id) where a.id=2 [ RunTime:0.007001s ]
INFO: [ view_parse ] --START--
INFO: [ template_filter ] --START--
INFO: Run Behavior\ContentReplace [ RunTime:0.000000s ]
INFO: [ template_filter ] --END-- [ RunTime:0.000500s ]
INFO: Run Behavior\ParseTemplate [ RunTime:0.037505s ]
INFO: [ view_parse ] --END-- [ RunTime:0.038005s ]
INFO: [ view_filter ] --START--
INFO: Run Behavior\WriteHtmlCache [ RunTime:0.002501s ]
INFO: [ view_filter ] --END-- [ RunTime:0.002501s ]
INFO: [ app_end ] --START--
INFO: Run Behavior\ShowPageTrace [ RunTime:0.006001s ]
INFO: [ app_end ] --END-- [ RunTime:0.006501s ]

[ 2018-04-03T11:23:47+08:00 ] 127.0.0.1 /index.php/Admin/Index/order_detail/id/index.html
INFO: [ app_begin ] --START--
INFO: Run Behavior\ReadHtmlCache [ RunTime:0.003000s ]
INFO: [ app_begin ] --END-- [ RunTime:0.004501s ]
SQL: SHOW COLUMNS FROM `shop` [ RunTime:0.018502s ]
ERR: 1146:Table 'shop.shop' doesn't exist
 [ SQL语句 ] : SHOW COLUMNS FROM `shop`
SQL: select * from `order` a left join order_detail b on (a.id=b.sid) inner join goods c on (a.link_goods_id=c.goods_id) where a.id=index [ RunTime:0.001000s ]
ERR: 1064:You have an error in your SQL syntax; check the manual that corresponds to your MySQL server version for the right syntax to use near 'index' at line 1
 [ SQL语句 ] : select * from `order` a left join order_detail b on (a.id=b.sid) inner join goods c on (a.link_goods_id=c.goods_id) where a.id=index

[ 2018-04-03T11:23:49+08:00 ] 127.0.0.1 /index.php/Admin/Index/order_list
INFO: [ app_begin ] --START--
INFO: Run Behavior\ReadHtmlCache [ RunTime:0.002500s ]
INFO: [ app_begin ] --END-- [ RunTime:0.003500s ]
SQL: SHOW COLUMNS FROM `shop` [ RunTime:0.017502s ]
ERR: 1146:Table 'shop.shop' doesn't exist
 [ SQL语句 ] : SHOW COLUMNS FROM `shop`
SQL: SHOW COLUMNS FROM `order` [ RunTime:0.021503s ]
SQL: SELECT * FROM `order` LIMIT 0,1   [ RunTime:0.001000s ]
SQL: SELECT COUNT(*) AS tp_count FROM `order` LIMIT 1   [ RunTime:0.000500s ]
INFO: [ view_parse ] --START--
INFO: [ template_filter ] --START--
INFO: Run Behavior\ContentReplace [ RunTime:0.000000s ]
INFO: [ template_filter ] --END-- [ RunTime:0.000500s ]
INFO: Run Behavior\ParseTemplate [ RunTime:0.033504s ]
INFO: [ view_parse ] --END-- [ RunTime:0.033504s ]
INFO: [ view_filter ] --START--
INFO: Run Behavior\WriteHtmlCache [ RunTime:0.002000s ]
INFO: [ view_filter ] --END-- [ RunTime:0.002500s ]
INFO: [ app_end ] --START--
INFO: Run Behavior\ShowPageTrace [ RunTime:0.003501s ]
INFO: [ app_end ] --END-- [ RunTime:0.003501s ]

